per label PASS N=5 KURAMOTO K=1 per=0
per label PASS N=5 LINEAR K=1 per=0
per label PASS N=10 KURAMOTO K=1 per=0
per label PASS N=10 LINEAR K=1 per=0
per label PASS N=20 KURAMOTO K=500 per=0.0555556
per label PASS N=20 LINEAR K=70 per=0.0833333
per label PASS N=50 KURAMOTO K=500 per=0.444444
per label PASS N=50 LINEAR K=30 per=0.477778
reach label PASS N=5 KURAMOTO K=1 cycle=10
reach label PASS N=5 LINEAR K=1 cycle=10
reach label PASS N=10 KURAMOTO K=1 cycle=10
reach label PASS N=10 LINEAR K=1 cycle=10
reach label PASS N=20 KURAMOTO K=500 cycle=11
reach label PASS N=20 LINEAR K=30 cycle=12
reach label PASS N=50 KURAMOTO K=500 cycle=18
reach label PASS N=50 LINEAR K=30 cycle=18
convergence label PASS N=5 KURAMOTO K=7 cycle=1
convergence label PASS N=5 LINEAR K=1 cycle=1
convergence label PASS N=10 KURAMOTO K=50 cycle=1
convergence label PASS N=10 LINEAR K=2 cycle=1
convergence label PASS N=20 KURAMOTO K=500 cycle=2
convergence label PASS N=20 LINEAR K=30 cycle=4
convergence label PASS N=50 KURAMOTO K=500 cycle=15
convergence label PASS N=50 LINEAR K=20 cycle=17
time label PASS N=5 KURAMOTO K=7 min=0.0833333
time label PASS N=5 LINEAR K=1 min=0.0833333
time label PASS N=10 KURAMOTO K=50 min=0.0833333
time label PASS N=10 LINEAR K=2 min=0.0833333
time label PASS N=20 KURAMOTO K=500 min=0.166667
time label PASS N=20 LINEAR K=30 min=0.333333
time label PASS N=50 KURAMOTO K=500 min=1.25
time label PASS N=50 LINEAR K=20 min=1.41667
