[2026-07-15 21:22:51] start conditions=160 runs=8000 functions=['KURAMOTO', 'LINEAR'] N=[5, 10, 20, 50] K=[1, 2, 3, 5, 7, 10, 15, 20, 30, 50, 70, 100, 150, 200, 300, 500, 700, 1000, 1500, 2000]
[2026-07-15 21:22:51] validation master_unique_prefixes=PASS N=[5, 10, 20, 50] runs=50
[2026-07-15 21:22:54] completed function=KURAMOTO N=5 K=1 runs=50 elapsed_sec=3.127
[2026-07-15 21:22:57] completed function=KURAMOTO N=5 K=2 runs=50 elapsed_sec=3.037
[2026-07-15 21:23:00] completed function=KURAMOTO N=5 K=3 runs=50 elapsed_sec=2.899
[2026-07-15 21:23:03] completed function=KURAMOTO N=5 K=5 runs=50 elapsed_sec=3.146
[2026-07-15 21:23:06] completed function=KURAMOTO N=5 K=7 runs=50 elapsed_sec=3.108
[2026-07-15 21:23:09] completed function=KURAMOTO N=5 K=10 runs=50 elapsed_sec=3.050
[2026-07-15 21:23:12] completed function=KURAMOTO N=5 K=15 runs=50 elapsed_sec=3.066
[2026-07-15 21:23:15] completed function=KURAMOTO N=5 K=20 runs=50 elapsed_sec=2.973
[2026-07-15 21:23:18] completed function=KURAMOTO N=5 K=30 runs=50 elapsed_sec=2.903
[2026-07-15 21:23:21] completed function=KURAMOTO N=5 K=50 runs=50 elapsed_sec=2.846
[2026-07-15 21:23:24] completed function=KURAMOTO N=5 K=70 runs=50 elapsed_sec=2.976
[2026-07-15 21:23:27] completed function=KURAMOTO N=5 K=100 runs=50 elapsed_sec=2.764
[2026-07-15 21:23:29] completed function=KURAMOTO N=5 K=150 runs=50 elapsed_sec=2.765
[2026-07-15 21:23:32] completed function=KURAMOTO N=5 K=200 runs=50 elapsed_sec=2.846
[2026-07-15 21:23:35] completed function=KURAMOTO N=5 K=300 runs=50 elapsed_sec=2.905
[2026-07-15 21:23:38] completed function=KURAMOTO N=5 K=500 runs=50 elapsed_sec=2.713
[2026-07-15 21:23:41] completed function=KURAMOTO N=5 K=700 runs=50 elapsed_sec=2.796
[2026-07-15 21:23:44] completed function=KURAMOTO N=5 K=1000 runs=50 elapsed_sec=3.026
[2026-07-15 21:23:47] completed function=KURAMOTO N=5 K=1500 runs=50 elapsed_sec=2.840
[2026-07-15 21:23:49] completed function=KURAMOTO N=5 K=2000 runs=50 elapsed_sec=2.858
[2026-07-15 21:23:53] completed function=KURAMOTO N=10 K=1 runs=50 elapsed_sec=3.198
[2026-07-15 21:23:56] completed function=KURAMOTO N=10 K=2 runs=50 elapsed_sec=3.245
[2026-07-15 21:23:59] completed function=KURAMOTO N=10 K=3 runs=50 elapsed_sec=3.378
[2026-07-15 21:24:03] completed function=KURAMOTO N=10 K=5 runs=50 elapsed_sec=3.342
[2026-07-15 21:24:06] completed function=KURAMOTO N=10 K=7 runs=50 elapsed_sec=3.270
[2026-07-15 21:24:09] completed function=KURAMOTO N=10 K=10 runs=50 elapsed_sec=3.185
[2026-07-15 21:24:12] completed function=KURAMOTO N=10 K=15 runs=50 elapsed_sec=3.173
[2026-07-15 21:24:16] completed function=KURAMOTO N=10 K=20 runs=50 elapsed_sec=3.293
[2026-07-15 21:24:19] completed function=KURAMOTO N=10 K=30 runs=50 elapsed_sec=3.207
[2026-07-15 21:24:22] completed function=KURAMOTO N=10 K=50 runs=50 elapsed_sec=3.235
[2026-07-15 21:24:25] completed function=KURAMOTO N=10 K=70 runs=50 elapsed_sec=3.263
[2026-07-15 21:24:28] completed function=KURAMOTO N=10 K=100 runs=50 elapsed_sec=3.100
[2026-07-15 21:24:32] completed function=KURAMOTO N=10 K=150 runs=50 elapsed_sec=3.260
[2026-07-15 21:24:35] completed function=KURAMOTO N=10 K=200 runs=50 elapsed_sec=3.176
[2026-07-15 21:24:38] completed function=KURAMOTO N=10 K=300 runs=50 elapsed_sec=3.103
[2026-07-15 21:24:41] completed function=KURAMOTO N=10 K=500 runs=50 elapsed_sec=3.217
[2026-07-15 21:24:44] completed function=KURAMOTO N=10 K=700 runs=50 elapsed_sec=3.190
[2026-07-15 21:24:47] completed function=KURAMOTO N=10 K=1000 runs=50 elapsed_sec=3.127
[2026-07-15 21:24:51] completed function=KURAMOTO N=10 K=1500 runs=50 elapsed_sec=3.130
[2026-07-15 21:24:54] completed function=KURAMOTO N=10 K=2000 runs=50 elapsed_sec=3.200
[2026-07-15 21:24:58] completed function=KURAMOTO N=20 K=1 runs=50 elapsed_sec=4.148
[2026-07-15 21:25:02] completed function=KURAMOTO N=20 K=2 runs=50 elapsed_sec=4.063
[2026-07-15 21:25:06] completed function=KURAMOTO N=20 K=3 runs=50 elapsed_sec=4.145
[2026-07-15 21:25:10] completed function=KURAMOTO N=20 K=5 runs=50 elapsed_sec=4.181
[2026-07-15 21:25:14] completed function=KURAMOTO N=20 K=7 runs=50 elapsed_sec=3.993
[2026-07-15 21:25:18] completed function=KURAMOTO N=20 K=10 runs=50 elapsed_sec=4.164
[2026-07-15 21:25:23] completed function=KURAMOTO N=20 K=15 runs=50 elapsed_sec=4.076
[2026-07-15 21:25:27] completed function=KURAMOTO N=20 K=20 runs=50 elapsed_sec=4.030
[2026-07-15 21:25:31] completed function=KURAMOTO N=20 K=30 runs=50 elapsed_sec=4.038
[2026-07-15 21:25:35] completed function=KURAMOTO N=20 K=50 runs=50 elapsed_sec=4.167
[2026-07-15 21:25:39] completed function=KURAMOTO N=20 K=70 runs=50 elapsed_sec=4.025
[2026-07-15 21:25:43] completed function=KURAMOTO N=20 K=100 runs=50 elapsed_sec=4.045
[2026-07-15 21:25:47] completed function=KURAMOTO N=20 K=150 runs=50 elapsed_sec=4.100
[2026-07-15 21:25:51] completed function=KURAMOTO N=20 K=200 runs=50 elapsed_sec=3.964
[2026-07-15 21:25:54] completed function=KURAMOTO N=20 K=300 runs=50 elapsed_sec=3.518
[2026-07-15 21:25:58] completed function=KURAMOTO N=20 K=500 runs=50 elapsed_sec=3.299
[2026-07-15 21:26:01] completed function=KURAMOTO N=20 K=700 runs=50 elapsed_sec=3.253
[2026-07-15 21:26:04] completed function=KURAMOTO N=20 K=1000 runs=50 elapsed_sec=3.232
[2026-07-15 21:26:08] completed function=KURAMOTO N=20 K=1500 runs=50 elapsed_sec=3.318
[2026-07-15 21:26:11] completed function=KURAMOTO N=20 K=2000 runs=50 elapsed_sec=3.281
[2026-07-15 21:26:17] completed function=KURAMOTO N=50 K=1 runs=50 elapsed_sec=5.922
[2026-07-15 21:26:23] completed function=KURAMOTO N=50 K=2 runs=50 elapsed_sec=5.925
[2026-07-15 21:26:29] completed function=KURAMOTO N=50 K=3 runs=50 elapsed_sec=6.031
[2026-07-15 21:26:35] completed function=KURAMOTO N=50 K=5 runs=50 elapsed_sec=5.940
[2026-07-15 21:26:41] completed function=KURAMOTO N=50 K=7 runs=50 elapsed_sec=6.079
[2026-07-15 21:26:47] completed function=KURAMOTO N=50 K=10 runs=50 elapsed_sec=6.483
[2026-07-15 21:26:53] completed function=KURAMOTO N=50 K=15 runs=50 elapsed_sec=6.073
[2026-07-15 21:27:00] completed function=KURAMOTO N=50 K=20 runs=50 elapsed_sec=6.417
[2026-07-15 21:27:06] completed function=KURAMOTO N=50 K=30 runs=50 elapsed_sec=6.631
[2026-07-15 21:27:12] completed function=KURAMOTO N=50 K=50 runs=50 elapsed_sec=6.077
[2026-07-15 21:27:19] completed function=KURAMOTO N=50 K=70 runs=50 elapsed_sec=6.253
[2026-07-15 21:27:25] completed function=KURAMOTO N=50 K=100 runs=50 elapsed_sec=6.419
[2026-07-15 21:27:32] completed function=KURAMOTO N=50 K=150 runs=50 elapsed_sec=6.594
[2026-07-15 21:27:38] completed function=KURAMOTO N=50 K=200 runs=50 elapsed_sec=6.674
[2026-07-15 21:27:45] completed function=KURAMOTO N=50 K=300 runs=50 elapsed_sec=6.284
[2026-07-15 21:27:51] completed function=KURAMOTO N=50 K=500 runs=50 elapsed_sec=6.346
[2026-07-15 21:27:58] completed function=KURAMOTO N=50 K=700 runs=50 elapsed_sec=6.716
[2026-07-15 21:28:04] completed function=KURAMOTO N=50 K=1000 runs=50 elapsed_sec=6.043
[2026-07-15 21:28:10] completed function=KURAMOTO N=50 K=1500 runs=50 elapsed_sec=6.271
[2026-07-15 21:28:16] completed function=KURAMOTO N=50 K=2000 runs=50 elapsed_sec=5.978
[2026-07-15 21:28:18] completed function=LINEAR N=5 K=1 runs=50 elapsed_sec=2.422
[2026-07-15 21:28:21] completed function=LINEAR N=5 K=2 runs=50 elapsed_sec=2.291
[2026-07-15 21:28:23] completed function=LINEAR N=5 K=3 runs=50 elapsed_sec=2.304
[2026-07-15 21:28:25] completed function=LINEAR N=5 K=5 runs=50 elapsed_sec=2.402
[2026-07-15 21:28:28] completed function=LINEAR N=5 K=7 runs=50 elapsed_sec=2.346
[2026-07-15 21:28:30] completed function=LINEAR N=5 K=10 runs=50 elapsed_sec=2.265
[2026-07-15 21:28:32] completed function=LINEAR N=5 K=15 runs=50 elapsed_sec=2.320
[2026-07-15 21:28:35] completed function=LINEAR N=5 K=20 runs=50 elapsed_sec=2.288
[2026-07-15 21:28:37] completed function=LINEAR N=5 K=30 runs=50 elapsed_sec=2.279
[2026-07-15 21:28:39] completed function=LINEAR N=5 K=50 runs=50 elapsed_sec=2.349
[2026-07-15 21:28:42] completed function=LINEAR N=5 K=70 runs=50 elapsed_sec=2.247
[2026-07-15 21:28:44] completed function=LINEAR N=5 K=100 runs=50 elapsed_sec=2.236
[2026-07-15 21:28:46] completed function=LINEAR N=5 K=150 runs=50 elapsed_sec=2.347
[2026-07-15 21:28:48] completed function=LINEAR N=5 K=200 runs=50 elapsed_sec=2.340
[2026-07-15 21:28:51] completed function=LINEAR N=5 K=300 runs=50 elapsed_sec=2.335
[2026-07-15 21:28:53] completed function=LINEAR N=5 K=500 runs=50 elapsed_sec=2.263
[2026-07-15 21:28:55] completed function=LINEAR N=5 K=700 runs=50 elapsed_sec=2.305
[2026-07-15 21:28:58] completed function=LINEAR N=5 K=1000 runs=50 elapsed_sec=2.313
[2026-07-15 21:29:00] completed function=LINEAR N=5 K=1500 runs=50 elapsed_sec=2.349
[2026-07-15 21:29:02] completed function=LINEAR N=5 K=2000 runs=50 elapsed_sec=2.401
[2026-07-15 21:29:05] completed function=LINEAR N=10 K=1 runs=50 elapsed_sec=2.628
[2026-07-15 21:29:08] completed function=LINEAR N=10 K=2 runs=50 elapsed_sec=2.633
[2026-07-15 21:29:10] completed function=LINEAR N=10 K=3 runs=50 elapsed_sec=2.596
[2026-07-15 21:29:13] completed function=LINEAR N=10 K=5 runs=50 elapsed_sec=2.543
[2026-07-15 21:29:15] completed function=LINEAR N=10 K=7 runs=50 elapsed_sec=2.592
[2026-07-15 21:29:18] completed function=LINEAR N=10 K=10 runs=50 elapsed_sec=2.602
[2026-07-15 21:29:21] completed function=LINEAR N=10 K=15 runs=50 elapsed_sec=2.596
[2026-07-15 21:29:23] completed function=LINEAR N=10 K=20 runs=50 elapsed_sec=2.627
[2026-07-15 21:29:26] completed function=LINEAR N=10 K=30 runs=50 elapsed_sec=2.555
[2026-07-15 21:29:28] completed function=LINEAR N=10 K=50 runs=50 elapsed_sec=2.622
[2026-07-15 21:29:31] completed function=LINEAR N=10 K=70 runs=50 elapsed_sec=2.622
[2026-07-15 21:29:34] completed function=LINEAR N=10 K=100 runs=50 elapsed_sec=2.649
[2026-07-15 21:29:36] completed function=LINEAR N=10 K=150 runs=50 elapsed_sec=2.639
[2026-07-15 21:29:39] completed function=LINEAR N=10 K=200 runs=50 elapsed_sec=2.593
[2026-07-15 21:29:42] completed function=LINEAR N=10 K=300 runs=50 elapsed_sec=2.653
[2026-07-15 21:29:44] completed function=LINEAR N=10 K=500 runs=50 elapsed_sec=2.698
[2026-07-15 21:29:47] completed function=LINEAR N=10 K=700 runs=50 elapsed_sec=2.663
[2026-07-15 21:29:50] completed function=LINEAR N=10 K=1000 runs=50 elapsed_sec=2.669
[2026-07-15 21:29:52] completed function=LINEAR N=10 K=1500 runs=50 elapsed_sec=2.570
[2026-07-15 21:29:55] completed function=LINEAR N=10 K=2000 runs=50 elapsed_sec=2.433
[2026-07-15 21:29:58] completed function=LINEAR N=20 K=1 runs=50 elapsed_sec=3.243
[2026-07-15 21:30:01] completed function=LINEAR N=20 K=2 runs=50 elapsed_sec=3.269
[2026-07-15 21:30:05] completed function=LINEAR N=20 K=3 runs=50 elapsed_sec=3.369
[2026-07-15 21:30:08] completed function=LINEAR N=20 K=5 runs=50 elapsed_sec=3.368
[2026-07-15 21:30:11] completed function=LINEAR N=20 K=7 runs=50 elapsed_sec=3.260
[2026-07-15 21:30:14] completed function=LINEAR N=20 K=10 runs=50 elapsed_sec=3.260
[2026-07-15 21:30:18] completed function=LINEAR N=20 K=15 runs=50 elapsed_sec=3.434
[2026-07-15 21:30:21] completed function=LINEAR N=20 K=20 runs=50 elapsed_sec=3.315
[2026-07-15 21:30:24] completed function=LINEAR N=20 K=30 runs=50 elapsed_sec=3.285
[2026-07-15 21:30:28] completed function=LINEAR N=20 K=50 runs=50 elapsed_sec=3.314
[2026-07-15 21:30:31] completed function=LINEAR N=20 K=70 runs=50 elapsed_sec=3.320
[2026-07-15 21:30:34] completed function=LINEAR N=20 K=100 runs=50 elapsed_sec=3.302
[2026-07-15 21:30:38] completed function=LINEAR N=20 K=150 runs=50 elapsed_sec=3.336
[2026-07-15 21:30:41] completed function=LINEAR N=20 K=200 runs=50 elapsed_sec=3.267
[2026-07-15 21:30:44] completed function=LINEAR N=20 K=300 runs=50 elapsed_sec=3.310
[2026-07-15 21:30:48] completed function=LINEAR N=20 K=500 runs=50 elapsed_sec=3.381
[2026-07-15 21:30:51] completed function=LINEAR N=20 K=700 runs=50 elapsed_sec=3.207
[2026-07-15 21:30:54] completed function=LINEAR N=20 K=1000 runs=50 elapsed_sec=3.220
[2026-07-15 21:30:57] completed function=LINEAR N=20 K=1500 runs=50 elapsed_sec=3.193
[2026-07-15 21:31:00] completed function=LINEAR N=20 K=2000 runs=50 elapsed_sec=2.885
[2026-07-15 21:31:06] completed function=LINEAR N=50 K=1 runs=50 elapsed_sec=6.019
[2026-07-15 21:31:12] completed function=LINEAR N=50 K=2 runs=50 elapsed_sec=6.193
[2026-07-15 21:31:19] completed function=LINEAR N=50 K=3 runs=50 elapsed_sec=6.239
[2026-07-15 21:31:25] completed function=LINEAR N=50 K=5 runs=50 elapsed_sec=6.224
[2026-07-15 21:31:31] completed function=LINEAR N=50 K=7 runs=50 elapsed_sec=6.367
[2026-07-15 21:31:37] completed function=LINEAR N=50 K=10 runs=50 elapsed_sec=6.195
[2026-07-15 21:31:44] completed function=LINEAR N=50 K=15 runs=50 elapsed_sec=6.211
[2026-07-15 21:31:50] completed function=LINEAR N=50 K=20 runs=50 elapsed_sec=6.448
[2026-07-15 21:31:56] completed function=LINEAR N=50 K=30 runs=50 elapsed_sec=6.159
[2026-07-15 21:32:03] completed function=LINEAR N=50 K=50 runs=50 elapsed_sec=6.392
[2026-07-15 21:32:09] completed function=LINEAR N=50 K=70 runs=50 elapsed_sec=6.121
[2026-07-15 21:32:15] completed function=LINEAR N=50 K=100 runs=50 elapsed_sec=6.087
[2026-07-15 21:32:21] completed function=LINEAR N=50 K=150 runs=50 elapsed_sec=5.884
[2026-07-15 21:32:26] completed function=LINEAR N=50 K=200 runs=50 elapsed_sec=5.609
[2026-07-15 21:32:32] completed function=LINEAR N=50 K=300 runs=50 elapsed_sec=5.204
[2026-07-15 21:32:37] completed function=LINEAR N=50 K=500 runs=50 elapsed_sec=5.314
[2026-07-15 21:32:42] completed function=LINEAR N=50 K=700 runs=50 elapsed_sec=5.065
[2026-07-15 21:32:47] completed function=LINEAR N=50 K=1000 runs=50 elapsed_sec=5.140
[2026-07-15 21:32:52] completed function=LINEAR N=50 K=1500 runs=50 elapsed_sec=5.392
[2026-07-15 21:32:57] completed function=LINEAR N=50 K=2000 runs=50 elapsed_sec=4.165
[2026-07-15 21:42:39] finished conditions=160 runs=8000 elapsed_sec=1187.982
[2026-07-15 21:45:08] validation output_integrity=PASS condition_rows=160 run_rows=8000 runs_per_condition=50
[2026-07-15 21:45:08] validation censored_median_rules=PASS metrics=max,mingap,aux_mean
[2026-07-15 21:45:08] validation initial_phase_reuse=PASS functions=2 K=20 N_prefixes=4 runs=50
[2026-07-15 21:45:08] validation raw_phase_gap=PASS db_runs=8000 first_cycle_collision_rows=0 min_gap_missing=0
